f:\c++\carrent\carrent\debug\carrent.adminform.resources
f:\c++\carrent\carrent\debug\carrent.employeeform.resources
f:\c++\carrent\carrent\debug\carrent.startform.resources
f:\c++\carrent\carrent\debug\vc142.pdb
f:\c++\carrent\carrent\debug\.netframework,version=v4.7.2.assemblyattributes.obj
f:\c++\carrent\carrent\debug\startform.obj
f:\c++\carrent\carrent\debug\employeeform.obj
f:\c++\carrent\carrent\debug\adminform.obj
f:\c++\carrent\debug\carrent.pdb
f:\c++\carrent\carrent\debug\carrent.tlog\carrent.write.1u.tlog
f:\c++\carrent\carrent\debug\carrent.tlog\cl.command.1.tlog
f:\c++\carrent\carrent\debug\carrent.tlog\cl.read.1.tlog
f:\c++\carrent\carrent\debug\carrent.tlog\cl.write.1.tlog
f:\c++\carrent\carrent\debug\carrent.tlog\link.18076-cvtres.read.1.tlog
f:\c++\carrent\carrent\debug\carrent.tlog\link.18076-cvtres.write.1.tlog
f:\c++\carrent\carrent\debug\carrent.tlog\link.18076-rc.read.1.tlog
f:\c++\carrent\carrent\debug\carrent.tlog\link.18076-rc.write.1.tlog
f:\c++\carrent\carrent\debug\carrent.tlog\link.18076.read.1.tlog
f:\c++\carrent\carrent\debug\carrent.tlog\link.18076.write.1.tlog
f:\c++\carrent\carrent\debug\carrent.tlog\link.19232-cvtres.read.1.tlog
f:\c++\carrent\carrent\debug\carrent.tlog\link.19232-cvtres.write.1.tlog
f:\c++\carrent\carrent\debug\carrent.tlog\link.19232-rc.read.1.tlog
f:\c++\carrent\carrent\debug\carrent.tlog\link.19232-rc.write.1.tlog
f:\c++\carrent\carrent\debug\carrent.tlog\link.19232.read.1.tlog
f:\c++\carrent\carrent\debug\carrent.tlog\link.19232.write.1.tlog
f:\c++\carrent\carrent\debug\carrent.tlog\link.22616-cvtres.read.1.tlog
f:\c++\carrent\carrent\debug\carrent.tlog\link.22616-cvtres.write.1.tlog
f:\c++\carrent\carrent\debug\carrent.tlog\link.22616-rc.read.1.tlog
f:\c++\carrent\carrent\debug\carrent.tlog\link.22616-rc.write.1.tlog
f:\c++\carrent\carrent\debug\carrent.tlog\link.22616.read.1.tlog
f:\c++\carrent\carrent\debug\carrent.tlog\link.22616.write.1.tlog
f:\c++\carrent\carrent\debug\carrent.tlog\link.2592-cvtres.read.1.tlog
f:\c++\carrent\carrent\debug\carrent.tlog\link.2592-cvtres.write.1.tlog
f:\c++\carrent\carrent\debug\carrent.tlog\link.2592-rc.read.1.tlog
f:\c++\carrent\carrent\debug\carrent.tlog\link.2592-rc.write.1.tlog
f:\c++\carrent\carrent\debug\carrent.tlog\link.2592.read.1.tlog
f:\c++\carrent\carrent\debug\carrent.tlog\link.2592.write.1.tlog
f:\c++\carrent\carrent\debug\carrent.tlog\link.5920-cvtres.read.1.tlog
f:\c++\carrent\carrent\debug\carrent.tlog\link.5920-cvtres.write.1.tlog
f:\c++\carrent\carrent\debug\carrent.tlog\link.5920-rc.read.1.tlog
f:\c++\carrent\carrent\debug\carrent.tlog\link.5920-rc.write.1.tlog
f:\c++\carrent\carrent\debug\carrent.tlog\link.5920.read.1.tlog
f:\c++\carrent\carrent\debug\carrent.tlog\link.5920.write.1.tlog
f:\c++\carrent\carrent\debug\carrent.tlog\link.command.1.tlog
f:\c++\carrent\carrent\debug\carrent.tlog\link.read.1.tlog
f:\c++\carrent\carrent\debug\carrent.tlog\link.write.1.tlog
f:\c++\carrent\carrent\debug\carrent.tlog\metagen.read.1.tlog
f:\c++\carrent\carrent\debug\carrent.tlog\metagen.write.1.tlog
