f:\c++\carrent\carrent\x64\debug\carrent.adminform.resources
f:\c++\carrent\carrent\x64\debug\carrent.employeeform.resources
f:\c++\carrent\carrent\x64\debug\carrent.startform.resources
f:\c++\carrent\carrent\x64\debug\vc142.pdb
f:\c++\carrent\carrent\x64\debug\.netframework,version=v4.7.2.assemblyattributes.obj
f:\c++\carrent\carrent\x64\debug\startform.obj
f:\c++\carrent\carrent\x64\debug\employeeform.obj
f:\c++\carrent\carrent\x64\debug\adminform.obj
f:\c++\carrent\carrent\x64\debug\carrent.vcxproj.generateresource.cache
f:\c++\carrent\carrent\x64\debug\carrent.vcxproj.suggestedbindingredirects.cache
f:\c++\carrent\x64\debug\carrent.pdb
f:\c++\carrent\carrent\x64\debug\carrent.tlog\carrent.write.1u.tlog
f:\c++\carrent\carrent\x64\debug\carrent.tlog\cl.command.1.tlog
f:\c++\carrent\carrent\x64\debug\carrent.tlog\cl.read.1.tlog
f:\c++\carrent\carrent\x64\debug\carrent.tlog\cl.write.1.tlog
f:\c++\carrent\carrent\x64\debug\carrent.tlog\link.5400-cvtres.read.1.tlog
f:\c++\carrent\carrent\x64\debug\carrent.tlog\link.5400-cvtres.write.1.tlog
f:\c++\carrent\carrent\x64\debug\carrent.tlog\link.5400-rc.read.1.tlog
f:\c++\carrent\carrent\x64\debug\carrent.tlog\link.5400-rc.write.1.tlog
f:\c++\carrent\carrent\x64\debug\carrent.tlog\link.5400.read.1.tlog
f:\c++\carrent\carrent\x64\debug\carrent.tlog\link.5400.read.2.tlog
f:\c++\carrent\carrent\x64\debug\carrent.tlog\link.5400.write.1.tlog
f:\c++\carrent\carrent\x64\debug\carrent.tlog\link.command.1.tlog
f:\c++\carrent\carrent\x64\debug\carrent.tlog\link.read.1.tlog
f:\c++\carrent\carrent\x64\debug\carrent.tlog\link.read.2.tlog
f:\c++\carrent\carrent\x64\debug\carrent.tlog\link.write.1.tlog
f:\c++\carrent\carrent\x64\debug\carrent.tlog\metagen.read.1.tlog
f:\c++\carrent\carrent\x64\debug\carrent.tlog\metagen.write.1.tlog
